#
# A fatal error has been detected by the Java Runtime Environment:
#
#  EXCEPTION_UNCAUGHT_CXX_EXCEPTION (0xe06d7363) at pc=0x76ebc42d, pid=2392, tid=2460
#
# JRE version: Java(TM) SE Runtime Environment (8.0_45-b15) (build 1.8.0_45-b15)
# Java VM: Java HotSpot(TM) Client VM (25.45-b02 mixed mode windows-x86 )
# Problematic frame:
# C  [KERNELBASE.dll+0xc42d]
#
# Failed to write core dump. Minidumps are not enabled by default on client versions of Windows
#
# If you would like to submit a bug report, please visit:
#   http://bugreport.java.com/bugreport/crash.jsp
# The crash happened outside the Java Virtual Machine in native code.
# See problematic frame for where to report the bug.
#

---------------  T H R E A D  ---------------

Current thread (0x00587400):  JavaThread "main" [_thread_in_native, id=2460, stack(0x003b0000,0x00400000)]

siginfo: ExceptionCode=0xe06d7363, ExceptionInformation=0x19930520 0x003ffa7c 0x6195b12c 

Registers:
EAX=0x003ff9d0, EBX=0x021e4ad8, ECX=0x00000003, EDX=0x00000000
ESP=0x003ff9d0, EBP=0x003ffa20, ESI=0x6195b12c, EDI=0x003ffa7c
EIP=0x76ebc42d, EFLAGS=0x00000212

Top of Stack: (sp=0x003ff9d0)
0x003ff9d0:   e06d7363 00000001 00000000 76ebc42d
0x003ff9e0:   00000003 19930520 003ffa7c 6195b12c
0x003ff9f0:   72dfed63 00610000 00000000 00000038
0x003ffa00:   00587540 003ffa7c 00000038 003ffa28
0x003ffa10:   72dfee1f 003ffa7c 00000038 00587540
0x003ffa20:   003ffa60 72e09339 e06d7363 00000001
0x003ffa30:   00000003 003ffa54 021e4adc 00587540
0x003ffa40:   e06d7363 00000001 00000000 00000000 

Instructions: (pc=0x76ebc42d)
0x76ebc40d:   02 50 ff 75 14 8d 45 c4 50 e8 57 ad 02 00 83 c4
0x76ebc41d:   0c eb 03 89 45 c0 8d 45 b0 50 ff 15 5c 11 eb 76
0x76ebc42d:   c9 c2 10 00 cc cc cc cc cc 8b ff 55 8b ec 56 8b
0x76ebc43d:   75 08 83 fe f4 72 18 83 fe f6 77 13 8d 45 08 50 


Register to memory mapping:

EAX=0x003ff9d0 is pointing into the stack for thread: 0x00587400
EBX=0x021e4ad8 is an unknown value
ECX=0x00000003 is an unknown value
EDX=0x00000000 is an unknown value
ESP=0x003ff9d0 is pointing into the stack for thread: 0x00587400
EBP=0x003ffa20 is pointing into the stack for thread: 0x00587400
ESI=0x6195b12c is an unknown value
EDI=0x003ffa7c is pointing into the stack for thread: 0x00587400


Stack: [0x003b0000,0x00400000],  sp=0x003ff9d0,  free space=318k
Native frames: (J=compiled Java code, j=interpreted, Vv=VM code, C=native code)
C  [KERNELBASE.dll+0xc42d]
C  [MSVCR120.dll+0x19339]
C  [LeapJava.dll+0x1af2]
C  [Leap.dll+0x16b5e]
C  [LeapJava.dll+0xcd51]
j  com.leapmotion.leap.LeapJNI.Controller_addListener(JLcom/leapmotion/leap/Controller;JLcom/leapmotion/leap/Listener;)Z+0
j  com.leapmotion.leap.Controller.addListener(Lcom/leapmotion/leap/Listener;)Z+10
j  LeapMouse.main([Ljava/lang/String;)V+25
v  ~StubRoutines::call_stub
V  [jvm.dll+0x155cb5]
V  [jvm.dll+0x21b12e]
V  [jvm.dll+0x155d4e]
V  [jvm.dll+0xdac47]
V  [jvm.dll+0xe31ef]
C  [javaw.exe+0x229a]
C  [javaw.exe+0xadff]
C  [javaw.exe+0xae89]
C  [kernel32.dll+0x1338a]
C  [ntdll.dll+0x39882]
C  [ntdll.dll+0x39855]
C  0x00000000

Java frames: (J=compiled Java code, j=interpreted, Vv=VM code)
j  com.leapmotion.leap.LeapJNI.Controller_addListener(JLcom/leapmotion/leap/Controller;JLcom/leapmotion/leap/Listener;)Z+0
j  com.leapmotion.leap.Controller.addListener(Lcom/leapmotion/leap/Listener;)Z+10
j  LeapMouse.main([Ljava/lang/String;)V+25
v  ~StubRoutines::call_stub

---------------  P R O C E S S  ---------------

Java Threads: ( => current thread )
  0x14c18400 JavaThread "AWT-Windows" daemon [_thread_in_native, id=1696, stack(0x16140000,0x16190000)]
  0x14c17c00 JavaThread "AWT-Shutdown" [_thread_blocked, id=4792, stack(0x15990000,0x159e0000)]
  0x14c15400 JavaThread "Java2D Disposer" daemon [_thread_blocked, id=1584, stack(0x16090000,0x160e0000)]
  0x14aad000 JavaThread "Service Thread" daemon [_thread_blocked, id=2276, stack(0x14fa0000,0x14ff0000)]
  0x14aa5c00 JavaThread "C1 CompilerThread0" daemon [_thread_blocked, id=3784, stack(0x14860000,0x148b0000)]
  0x14aba800 JavaThread "Attach Listener" daemon [_thread_blocked, id=3812, stack(0x00210000,0x00260000)]
  0x14ab9800 JavaThread "Signal Dispatcher" daemon [_thread_blocked, id=4388, stack(0x14ee0000,0x14f30000)]
  0x021edc00 JavaThread "Finalizer" daemon [_thread_blocked, id=172, stack(0x14e10000,0x14e60000)]
  0x021e7400 JavaThread "Reference Handler" daemon [_thread_blocked, id=1560, stack(0x14cc0000,0x14d10000)]
=>0x00587400 JavaThread "main" [_thread_in_native, id=2460, stack(0x003b0000,0x00400000)]

Other Threads:
  0x021e4000 VMThread [stack: 0x04370000,0x043c0000] [id=1860]
  0x14aae000 WatcherThread [stack: 0x14f30000,0x14f80000] [id=2672]

VM state:not at safepoint (normal execution)

VM Mutex/Monitor currently owned by a thread: None

Heap:
 def new generation   total 4928K, used 3672K [0x04400000, 0x04950000, 0x09950000)
  eden space 4416K,  83% used [0x04400000, 0x04796010, 0x04850000)
  from space 512K,   0% used [0x04850000, 0x04850000, 0x048d0000)
  to   space 512K,   0% used [0x048d0000, 0x048d0000, 0x04950000)
 tenured generation   total 10944K, used 0K [0x09950000, 0x0a400000, 0x14400000)
   the space 10944K,   0% used [0x09950000, 0x09950000, 0x09950200, 0x0a400000)
 Metaspace       used 4150K, capacity 4304K, committed 4416K, reserved 4480K

Card table byte_map: [0x04290000,0x04320000] byte_map_base: 0x0426e000

Polling page: 0x000b0000

CodeCache: size=32768Kb used=850Kb max_used=850Kb free=31917Kb
 bounds [0x02290000, 0x02368000, 0x04290000]
 total_blobs=329 nmethods=143 adapters=117
 compilation: enabled

Compilation events (10 events):
Event: 0.190 Thread 0x14aa5c00  135             java.lang.invoke.MemberName::isInvocable (7 bytes)
Event: 0.190 Thread 0x14aa5c00 nmethod 135 0x02363748 code [0x02363840, 0x023638e0]
Event: 0.191 Thread 0x14aa5c00  137             java.lang.Enum::ordinal (5 bytes)
Event: 0.191 Thread 0x14aa5c00 nmethod 137 0x02363a48 code [0x02363b40, 0x02363bc0]
Event: 0.192 Thread 0x14aa5c00  140             java.lang.AbstractStringBuilder::<init> (12 bytes)
Event: 0.192 Thread 0x14aa5c00 nmethod 140 0x02363e08 code [0x02363f00, 0x02364010]
Event: 0.193 Thread 0x14aa5c00  141             jdk.internal.org.objectweb.asm.ByteVector::putByte (39 bytes)
Event: 0.193 Thread 0x14aa5c00 nmethod 141 0x02364088 code [0x02364190, 0x0236428c]
Event: 0.193 Thread 0x14aa5c00  142             jdk.internal.org.objectweb.asm.ClassWriter::newUTF8 (70 bytes)
Event: 0.194 Thread 0x14aa5c00 nmethod 142 0x02364388 code [0x023644d0, 0x02364698]

GC Heap History (0 events):
No events

Deoptimization events (0 events):
No events

Internal exceptions (10 events):
Event: 0.020 Thread 0x00587400 Exception <a 'java/lang/NoSuchMethodError': Method sun.misc.Unsafe.defineClass(Ljava/lang/String;[BII)Ljava/lang/Class; name or signature does not match> (0x04410898) thrown at [C:\re\workspace\8-2-build-windows-i586-cygwin\jdk8u45\3627\hotspot\src\share\vD‚CU”?
Event: 0.020 Thread 0x00587400 Exception <a 'java/lang/NoSuchMethodError': Method sun.misc.Unsafe.prefetchRead(Ljava/lang/Object;J)V name or signature does not match> (0x04410b18) thrown at [C:\re\workspace\8-2-build-windows-i586-cygwin\jdk8u45\3627\hotspot\src\share\vm\prims\jni.cpp, lõ,V¤Lº?
Event: 0.102 Thread 0x00587400 Exception <a 'java/security/PrivilegedActionException'> (0x046188d8) thrown at [C:\re\workspace\8-2-build-windows-i586-cygwin\jdk8u45\3627\hotspot\src\share\vm\prims\jvm.cpp, line 1382]
Event: 0.102 Thread 0x00587400 Exception <a 'java/security/PrivilegedActionException'> (0x04618a88) thrown at [C:\re\workspace\8-2-build-windows-i586-cygwin\jdk8u45\3627\hotspot\src\share\vm\prims\jvm.cpp, line 1382]
Event: 0.102 Thread 0x00587400 Exception <a 'java/security/PrivilegedActionException'> (0x0461b018) thrown at [C:\re\workspace\8-2-build-windows-i586-cygwin\jdk8u45\3627\hotspot\src\share\vm\prims\jvm.cpp, line 1382]
Event: 0.102 Thread 0x00587400 Exception <a 'java/security/PrivilegedActionException'> (0x0461b1c8) thrown at [C:\re\workspace\8-2-build-windows-i586-cygwin\jdk8u45\3627\hotspot\src\share\vm\prims\jvm.cpp, line 1382]
Event: 0.104 Thread 0x00587400 Exception <a 'java/io/FileNotFoundException'> (0x046227c8) thrown at [C:\re\workspace\8-2-build-windows-i586-cygwin\jdk8u45\3627\hotspot\src\share\vm\prims\jni.cpp, line 709]
Event: 0.187 Thread 0x00587400 Exception <a 'java/lang/NoSuchFieldError': method resolution failed> (0x046f2330) thrown at [C:\re\workspace\8-2-build-windows-i586-cygwin\jdk8u45\3627\hotspot\src\share\vm\prims\methodHandles.cpp, line 1125]
Event: 0.188 Thread 0x00587400 Exception <a 'java/lang/NoSuchFieldError': method resolution failed> (0x046ff868) thrown at [C:\re\workspace\8-2-build-windows-i586-cygwin\jdk8u45\3627\hotspot\src\share\vm\prims\methodHandles.cpp, line 1125]
Event: 0.217 Thread 0x00587400 Exception <a 'java/lang/NullPointerException'> (0x04775f00) thrown at [C:\re\workspace\8-2-build-windows-i586-cygwin\jdk8u45\3627\hotspot\src\share\vm\interpreter\linkResolver.cpp, line 1178]

Events (10 events):
Event: 0.215 loading class java/lang/Shutdown$Lock
Event: 0.215 loading class java/lang/Shutdown$Lock done
Event: 0.216 loading class java/awt/Dimension
Event: 0.216 loading class java/awt/geom/Dimension2D
Event: 0.216 loading class java/awt/geom/Dimension2D done
Event: 0.216 loading class java/awt/Dimension done
Event: 0.216 loading class com/leapmotion/leap/Vector
Event: 0.216 loading class com/leapmotion/leap/Vector done
Event: 0.217 loading class java/awt/Robot
Event: 0.217 loading class java/awt/Robot done


Dynamic libraries:
0x000d0000 - 0x00103000 	D:\MIT-105\_Java\jdk1.8\bin\javaw.exe
0x77590000 - 0x77710000 	C:\windows\SysWOW64\ntdll.dll
0x76060000 - 0x76170000 	C:\windows\syswow64\kernel32.dll
0x76eb0000 - 0x76ef7000 	C:\windows\syswow64\KERNELBASE.dll
0x75db0000 - 0x75e51000 	C:\windows\syswow64\ADVAPI32.dll
0x76350000 - 0x763fc000 	C:\windows\syswow64\msvcrt.dll
0x75fe0000 - 0x75ff9000 	C:\windows\SysWOW64\sechost.dll
0x76260000 - 0x76350000 	C:\windows\syswow64\RPCRT4.dll
0x74ef0000 - 0x74f50000 	C:\windows\syswow64\SspiCli.dll
0x74ee0000 - 0x74eec000 	C:\windows\syswow64\CRYPTBASE.dll
0x765f0000 - 0x766f0000 	C:\windows\syswow64\USER32.dll
0x75f50000 - 0x75fe0000 	C:\windows\syswow64\GDI32.dll
0x77560000 - 0x7756a000 	C:\windows\syswow64\LPK.dll
0x75bc0000 - 0x75c5d000 	C:\windows\syswow64\USP10.dll
0x727c0000 - 0x7295e000 	C:\windows\WinSxS\x86_microsoft.windows.common-controls_6595b64144ccf1df_6.0.7601.18837_none_41e855142bd5705d\COMCTL32.dll
0x761f0000 - 0x76247000 	C:\windows\syswow64\SHLWAPI.dll
0x76e10000 - 0x76e70000 	C:\windows\system32\IMM32.DLL
0x769c0000 - 0x76a8c000 	C:\windows\syswow64\MSCTF.dll
0x62040000 - 0x620ff000 	D:\MIT-105\_Java\jdk1.8\jre\bin\msvcr100.dll
0x61c80000 - 0x62040000 	D:\MIT-105\_Java\jdk1.8\jre\bin\client\jvm.dll
0x70380000 - 0x70387000 	C:\windows\system32\WSOCK32.dll
0x76dd0000 - 0x76e05000 	C:\windows\syswow64\WS2_32.dll
0x76e70000 - 0x76e76000 	C:\windows\syswow64\NSI.dll
0x72450000 - 0x72482000 	C:\windows\system32\WINMM.dll
0x74e10000 - 0x74e19000 	C:\windows\system32\VERSION.dll
0x766f0000 - 0x766f5000 	C:\windows\syswow64\PSAPI.DLL
0x621b0000 - 0x621bc000 	D:\MIT-105\_Java\jdk1.8\jre\bin\verify.dll
0x62180000 - 0x621a1000 	D:\MIT-105\_Java\jdk1.8\jre\bin\java.dll
0x62160000 - 0x62173000 	D:\MIT-105\_Java\jdk1.8\jre\bin\zip.dll
0x74f70000 - 0x75bbb000 	C:\windows\syswow64\SHELL32.dll
0x76400000 - 0x7655c000 	C:\windows\syswow64\ole32.dll
0x74f60000 - 0x74f6b000 	C:\windows\syswow64\profapi.dll
0x61940000 - 0x61974000 	D:\MIT-105\_Java\workspace\LeapMotion\LeapJava.dll
0x72ee0000 - 0x72f51000 	C:\windows\system32\MSVCP120.dll
0x72df0000 - 0x72ede000 	C:\windows\system32\MSVCR120.dll
0x616c0000 - 0x618ab000 	D:\MIT-105\_Java\workspace\LeapMotion\Leap.dll
0x74d80000 - 0x74da1000 	C:\windows\system32\ntmarta.dll
0x77140000 - 0x77185000 	C:\windows\syswow64\WLDAP32.dll
0x61570000 - 0x616b5000 	D:\MIT-105\_Java\jdk1.8\jre\bin\awt.dll
0x75ec0000 - 0x75f4f000 	C:\windows\syswow64\OLEAUT32.dll
0x724e0000 - 0x72560000 	C:\windows\system32\uxtheme.dll
0x72b10000 - 0x72b23000 	C:\windows\system32\dwmapi.dll
0x72300000 - 0x723eb000 	C:\windows\system32\dbghelp.dll

VM Arguments:
jvm_args: -Djava.library.path=D:\MIT-105\_Java\workspace\LeapMotion -Dfile.encoding=MS950 
java_command: LeapMouse
java_class_path (initial): D:\MIT-105\_Java\workspace\LeapMotion\bin;D:\MIT-105\_Java\workspace\LeapMotion\LeapJava.jar
Launcher Type: SUN_STANDARD

Environment Variables:
PATH=D:\MIT-105\_Java\workspace\LeapMotion;ion\PhysX\Common;C:\Program Files (x86)\Intel\iCLS Client\;C:\Program Files\Intel\iCLS Client\;C:\windows\system32;C:\windows;C:\windows\System32\Wbem;C:\windows\System32\WindowsPowerShell\v1.0\;C:\Program Files (x86)\Intel\Intel(R) Management Engine Components\DAL;C:\Program Files\Intel\Intel(R) Management Engine Components\DAL;C:\Program Files (x86)\Intel\Intel(R) Management Engine Components\IPT;C:\Program Files\Intel\Intel(R) Management Engine Components\IPT;D:\MIT-105\_Java\jdk1.8\binC:\Program Files (x86)\NVIDIA Corporation\PhysX\Common;C:\Program Files (x86)\Intel\iCLS Client\;C:\Program Files\Intel\iCLS Client\;C:\windows\system32;C:\windows;C:\windows\System32\Wbem;C:\windows\System32\WindowsPowerShell\v1.0\;C:\Program Files (x86)\Intel\Intel(R) Management Engine Components\DAL;C:\Program Files\Intel\Intel(R) Management Engine Components\DAL;C:\Program Files (x86)\Intel\Intel(R) Management Engine Components\IPT;C:\Program Files\Intel\Intel(R) Management Engine Components\IPT;D:\MIT-105\_Java\jdk1.8\bin
USERNAME=Naylor
OS=Windows_NT
PROCESSOR_IDENTIFIER=Intel64 Family 6 Model 94 Stepping 3, GenuineIntel



---------------  S Y S T E M  ---------------

OS: Windows 7 , 64 bit Build 7601 (6.1.7601.19110)

CPU:total 8 (4 cores per cpu, 2 threads per core) family 6 model 94 stepping 3, cmov, cx8, fxsr, mmx, sse, sse2, sse3, ssse3, sse4.1, sse4.2, popcnt, avx, avx2, aes, clmul, erms, rtm, 3dnowpref, lzcnt, ht, tsc, tscinvbit, bmi1, bmi2, adx

Memory: 4k page, physical 8306468k(6382656k free), swap 16611100k(14599276k free)

vm_info: Java HotSpot(TM) Client VM (25.45-b02) for windows-x86 JRE (1.8.0_45-b15), built on Apr 30 2015 12:31:00 by "java_re" with MS VC++ 10.0 (VS2010)

time: Sun Sep 04 17:43:09 2016
elapsed time: 0 seconds (0d 0h 0m 0s)

